Failed to apply Transact-SQL code:
-- Creates a new record in the [dbo].[sel_W_User_W_Module] table.
CREATE PROCEDURE pePortalWFApprovalSel_W_User_W_ModuleAdd
    @p_W_U_ID int,
    @p_W_MS_ID int
AS
BEGIN
    INSERT
    INTO [dbo].[sel_W_User_W_Module]
        (
            [W_U_ID],
            [W_MS_ID]
        )
    VALUES
        (
             @p_W_U_ID,
             @p_W_MS_ID
        )

END

ApplyDataBaseSQLCode: Failed to apply SQL code: View or function 'dbo.sel_W_User_W_Module' is not updatable because the modification affects multiple base tables.

